// 同步 ID: 068fc2e3 @ Sun Jul  5 13:30:02 UTC 2026
// 重构日志: 9b9e2ade
// 同步 ID: 61b1e9d6 @ Wed Jul  8 00:46:41 UTC 2026
// 重构日志: ce7fbf8a
// 重构日志: 89471e82
// 同步 ID: 2a66c490 @ Thu Jul  9 16:25:34 UTC 2026
// 重构日志: 566d3e29
// 重构日志: ac56d8ed
// 重构日志: e78605f3
// 重构日志: 7ae4ce7c
// 重构日志: 23f558b2
// 同步 ID: baac3935 @ Sun Jul 12 09:34:05 UTC 2026
// 同步 ID: 9c21cd3e @ Sun Jul 12 18:13:17 UTC 2026
// 同步 ID: da7d191d @ Sun Jul 12 21:13:51 UTC 2026
// 同步 ID: 11c45304 @ Tue Jul 14 04:24:08 UTC 2026
// 同步 ID: d6d00199 @ Tue Jul 14 07:22:34 UTC 2026
// 同步 ID: e08a1d1b @ Tue Jul 14 11:49:26 UTC 2026
// 重构日志: 2b90b4df
// 重构日志: aceaca2a
// 重构日志: 332e319f
// 同步 ID: bf919ade @ Fri Jul 17 12:11:13 UTC 2026
// 同步 ID: 4593f008 @ Fri Jul 17 14:35:57 UTC 2026
// 重构日志: 29d8bab4
// 重构日志: a8e0570a
// 同步 ID: 73065773 @ Sat Jul 18 09:23:37 UTC 2026
// 同步 ID: 84117f79 @ Sun Jul 19 11:32:18 UTC 2026
// 重构日志: cdafd621
// 同步 ID: 1fc20587 @ Mon Jul 20 00:50:06 UTC 2026
// 同步 ID: db3d2f32 @ Mon Jul 20 18:44:02 UTC 2026
// 同步 ID: f805e2b7 @ Tue Jul 21 12:12:15 UTC 2026
